  main.c
C:\Users\thftg\source\repos\study-c\mouse\main.c(15,11): warning C4098: 'fileopen': 'void' 함수에서 값을 반환하고 있습니다.
C:\Users\thftg\source\repos\study-c\mouse\main.c(44,20): warning C4047: '!=': 'int *'의 간접 참조 수준이 'LONG'과(와) 다릅니다.
C:\Users\thftg\source\repos\study-c\mouse\main.c(44,37): warning C4047: '!=': 'int *'의 간접 참조 수준이 'LONG'과(와) 다릅니다.
C:\Users\thftg\source\repos\study-c\mouse\main.c(48,15): warning C4047: '=': 'int *'의 간접 참조 수준이 'LONG'과(와) 다릅니다.
C:\Users\thftg\source\repos\study-c\mouse\main.c(49,15): warning C4047: '=': 'int *'의 간접 참조 수준이 'LONG'과(와) 다릅니다.
C:\Users\thftg\source\repos\study-c\mouse\main.c(51,49): warning C4311: '형식 캐스트': 'int *'에서 'int'(으)로 포인터가 잘립니다.
C:\Users\thftg\source\repos\study-c\mouse\main.c(51,61): warning C4311: '형식 캐스트': 'int *'에서 'int'(으)로 포인터가 잘립니다.
C:\Users\thftg\source\repos\study-c\mouse\main.c(55,42): warning C4311: '형식 캐스트': 'int *'에서 'int'(으)로 포인터가 잘립니다.
C:\Users\thftg\source\repos\study-c\mouse\main.c(55,54): warning C4311: '형식 캐스트': 'int *'에서 'int'(으)로 포인터가 잘립니다.
C:\Users\thftg\source\repos\study-c\mouse\main.c(64,18): warning C4477: 'fscanf_s' : 서식 문자열 '%d'에 'int *' 형식의 인수가 필요하지만 variadic 인수 1의 형식이 'int **'입니다.
C:\Users\thftg\source\repos\study-c\mouse\main.c(64,18): warning C4477: 'fscanf_s' : 서식 문자열 '%d'에 'int *' 형식의 인수가 필요하지만 variadic 인수 2의 형식이 'int **'입니다.
C:\Users\thftg\source\repos\study-c\mouse\main.c(64,18): warning C4477: 'fscanf_s' : 서식 문자열 '%d'에 'int *' 형식의 인수가 필요하지만 variadic 인수 3의 형식이 'int **'입니다.
C:\Users\thftg\source\repos\study-c\mouse\main.c(67,13): warning C4477: 'printf_s' : 서식 문자열 '%d'에 'int' 형식의 인수가 필요하지만 variadic 인수 1의 형식이 'int *'입니다.
C:\Users\thftg\source\repos\study-c\mouse\main.c(67,13): warning C4313: 'printf_s': 서식 문자열의 '%d'이(가) 인수 1('int *' 형식)과(와) 충돌합니다.
C:\Users\thftg\source\repos\study-c\mouse\main.c(67,13): warning C4477: 'printf_s' : 서식 문자열 '%d'에 'int' 형식의 인수가 필요하지만 variadic 인수 2의 형식이 'int *'입니다.
C:\Users\thftg\source\repos\study-c\mouse\main.c(67,13): warning C4313: 'printf_s': 서식 문자열의 '%d'이(가) 인수 2('int *' 형식)과(와) 충돌합니다.
  코드를 생성하고 있습니다.
  1 of 9 functions (11.1%) were compiled, the rest were copied from previous compilation.
    0 functions were new in current compilation
    0 functions had inline decision re-evaluated but remain unchanged
  코드를 생성했습니다.
  mouse.vcxproj -> C:\Users\thftg\source\repos\study-c\mouse\x64\Release\mouse.exe
